<?xml version="1.0" encoding="UTF-8"?>
<testng-results ignored="0" total="1" passed="1" failed="0" skipped="0">
  <reporter-output>
  </reporter-output>
  <suite started-at="2025-09-11T09:19:41 IST" name="Default suite" finished-at="2025-09-11T09:19:44 IST" duration-ms="3538">
    <groups>
    </groups>
    <test started-at="2025-09-11T09:19:41 IST" name="Default test" finished-at="2025-09-11T09:19:44 IST" duration-ms="3538">
      <class name="PracticeRest.Assured.Universitiestwoindia">
        <test-method signature="Testing()[pri:0, instance:PracticeRest.Assured.Universitiestwoindia@6e9175d8]" started-at="2025-09-11T09:19:41 IST" name="Testing" finished-at="2025-09-11T09:19:44 IST" duration-ms="3490" status="PASS">
          <reporter-output>
          </reporter-output>
        </test-method> <!-- Testing -->
      </class> <!-- PracticeRest.Assured.Universitiestwoindia -->
    </test> <!-- Default test -->
  </suite> <!-- Default suite -->
</testng-results>
